<?xml version="1.0" encoding="UTF-8"?>
<!-- Generated by org.testng.reporters.JUnitReportReporter -->
<testsuite hostname="DESKTOP-OPH57PF" failures="0" tests="5" name="testCases.Login" time="-1658562688.000" errors="1" timestamp="2022-07-23T13:20:53 IST" skipped="4">
  <testcase classname="testCases.Login" name="beforeTest" time="-1658562688.000">
    <error message="
Parameter &#039;browser&#039; is required by BeforeTest on method beforeTest but has not been marked @Optional or defined
in C:\Users\user\AppData\Local\Temp\testng-eclipse--971203088\testng-customsuite.xml" type="org.testng.TestNGException">
      <![CDATA[org.testng.TestNGException: 
Parameter 'browser' is required by BeforeTest on method beforeTest but has not been marked @Optional or defined
in C:\Users\user\AppData\Local\Temp\testng-eclipse--971203088\testng-customsuite.xml
at org.testng.internal.Parameters.createParams(Parameters.java:267)
at org.testng.internal.Parameters.createParametersForMethod(Parameters.java:355)
at org.testng.internal.Parameters.createParameters(Parameters.java:684)
at org.testng.internal.Parameters.createConfigurationParameters(Parameters.java:166)
at org.testng.internal.invokers.ConfigInvoker.invokeConfigurations(ConfigInvoker.java:277)
at org.testng.TestRunner.invokeTestConfigurations(TestRunner.java:643)
at org.testng.TestRunner.beforeRun(TestRunner.java:632)
at org.testng.TestRunner.run(TestRunner.java:594)
at org.testng.SuiteRunner.runTest(SuiteRunner.java:433)
at org.testng.SuiteRunner.runSequentially(SuiteRunner.java:427)
at org.testng.SuiteRunner.privateRun(SuiteRunner.java:387)
at org.testng.SuiteRunner.run(SuiteRunner.java:330)
at org.testng.SuiteRunnerWorker.runSuite(SuiteRunnerWorker.java:52)
at org.testng.SuiteRunnerWorker.run(SuiteRunnerWorker.java:95)
at org.testng.TestNG.runSuitesSequentially(TestNG.java:1256)
at org.testng.TestNG.runSuitesLocally(TestNG.java:1176)
at org.testng.TestNG.runSuites(TestNG.java:1099)
at org.testng.TestNG.run(TestNG.java:1067)
at org.testng.remote.AbstractRemoteTestNG.run(AbstractRemoteTestNG.java:115)
at org.testng.remote.RemoteTestNG.initAndRun(RemoteTestNG.java:251)
at org.testng.remote.RemoteTestNG.main(RemoteTestNG.java:77)
]]>
    </error>
  </testcase> <!-- beforeTest -->
  <system-out/>
  <testcase classname="testCases.Login" name="invalidUsernameandPassword" time="0.000">
    <skipped/>
  </testcase> <!-- invalidUsernameandPassword -->
  <system-out/>
  <testcase classname="testCases.Login" name="validatewithoutusernameorpassword" time="0.000">
    <skipped/>
  </testcase> <!-- validatewithoutusernameorpassword -->
  <system-out/>
  <testcase classname="testCases.Login" name="validatewithjustusername" time="0.001">
    <skipped/>
  </testcase> <!-- validatewithjustusername -->
  <system-out/>
  <testcase classname="testCases.Login" name="validatewithjustpassword" time="0.000">
    <skipped/>
  </testcase> <!-- validatewithjustpassword -->
  <system-out/>
</testsuite> <!-- testCases.Login -->
